<?xml version="1.0" encoding="UTF-8"?>
<testng-results ignored="0" total="1" passed="0" failed="1" skipped="0">
  <reporter-output>
    <line>
      <![CDATA[createOrgnaizationTestTestscript execution is start]]>
    </line>
    <line>
      <![CDATA[createOrgnaizationTestTestscript execution is failed]]>
    </line>
  </reporter-output>
  <suite started-at="2024-03-22T12:08:39 IST" name="Default suite" finished-at="2024-03-22T12:09:21 IST" duration-ms="42013">
    <groups>
    </groups>
    <test started-at="2024-03-22T12:08:39 IST" name="Default test" finished-at="2024-03-22T12:09:21 IST" duration-ms="42013">
      <class name="vTigercrm.OrgnaizationTest">
        <test-method is-config="true" signature="BS()[pri:0, instance:vTigercrm.OrgnaizationTest@272ed83b]" started-at="2024-03-22T12:08:39 IST" name="BS" finished-at="2024-03-22T12:08:39 IST" duration-ms="21" status="PASS">
          <reporter-output>
          </reporter-output>
        </test-method> <!-- BS -->
        <test-method is-config="true" signature="BC()[pri:0, instance:vTigercrm.OrgnaizationTest@272ed83b]" started-at="2024-03-22T12:08:40 IST" name="BC" finished-at="2024-03-22T12:08:53 IST" duration-ms="13126" status="PASS">
          <reporter-output>
          </reporter-output>
        </test-method> <!-- BC -->
        <test-method is-config="true" signature="BM()[pri:0, instance:vTigercrm.OrgnaizationTest@272ed83b]" started-at="2024-03-22T12:08:53 IST" name="BM" finished-at="2024-03-22T12:09:01 IST" duration-ms="7886" status="PASS">
          <reporter-output>
          </reporter-output>
        </test-method> <!-- BM -->
        <test-method signature="createOrgnaizationTest()[pri:0, instance:vTigercrm.OrgnaizationTest@272ed83b]" started-at="2024-03-22T12:09:01 IST" name="createOrgnaizationTest" finished-at="2024-03-22T12:09:17 IST" duration-ms="15899" status="FAIL">
          <exception class="java.lang.AssertionError">
            <message>
              <![CDATA[expected [http://localhost:8888/pune/index.php?module=Accounts&action=EditView&return_action=DetailView&parenttab=Marketing] but found [http://localhost:8888/index.php?module=Accounts&action=EditView&return_action=DetailView&parenttab=Marketing]]]>
            </message>
            <full-stacktrace>
              <![CDATA[java.lang.AssertionError: expected [http://localhost:8888/pune/index.php?module=Accounts&action=EditView&return_action=DetailView&parenttab=Marketing] but found [http://localhost:8888/index.php?module=Accounts&action=EditView&return_action=DetailView&parenttab=Marketing]
at org.testng.Assert.fail(Assert.java:99)
at org.testng.Assert.failNotEquals(Assert.java:1037)
at org.testng.Assert.assertEqualsImpl(Assert.java:140)
at org.testng.Assert.assertEquals(Assert.java:122)
at org.testng.Assert.assertEquals(Assert.java:629)
at org.testng.Assert.assertEquals(Assert.java:639)
at vTigercrm.OrgnaizationTest.createOrgnaizationTest(OrgnaizationTest.java:38)
at java.base/jdk.internal.reflect.NativeMethodAccessorImpl.invoke0(Native Method)
at java.base/jdk.internal.reflect.NativeMethodAccessorImpl.invoke(NativeMethodAccessorImpl.java:77)
at java.base/jdk.internal.reflect.DelegatingMethodAccessorImpl.invoke(DelegatingMethodAccessorImpl.java:43)
at java.base/java.lang.reflect.Method.invoke(Method.java:568)
at org.testng.internal.MethodInvocationHelper.invokeMethod(MethodInvocationHelper.java:132)
at org.testng.internal.TestInvoker.invokeMethod(TestInvoker.java:599)
at org.testng.internal.TestInvoker.invokeTestMethod(TestInvoker.java:174)
at org.testng.internal.MethodRunner.runInSequence(MethodRunner.java:46)
at org.testng.internal.TestInvoker$MethodInvocationAgent.invoke(TestInvoker.java:822)
at org.testng.internal.TestInvoker.invokeTestMethods(TestInvoker.java:147)
at org.testng.internal.TestMethodWorker.invokeTestMethods(TestMethodWorker.java:146)
at org.testng.internal.TestMethodWorker.run(TestMethodWorker.java:128)
at java.base/java.util.ArrayList.forEach(ArrayList.java:1511)
at org.testng.TestRunner.privateRun(TestRunner.java:764)
at org.testng.TestRunner.run(TestRunner.java:585)
at org.testng.SuiteRunner.runTest(SuiteRunner.java:384)
at org.testng.SuiteRunner.runSequentially(SuiteRunner.java:378)
at org.testng.SuiteRunner.privateRun(SuiteRunner.java:337)
at org.testng.SuiteRunner.run(SuiteRunner.java:286)
at org.testng.SuiteRunnerWorker.runSuite(SuiteRunnerWorker.java:53)
at org.testng.SuiteRunnerWorker.run(SuiteRunnerWorker.java:96)
at org.testng.TestNG.runSuitesSequentially(TestNG.java:1218)
at org.testng.TestNG.runSuitesLocally(TestNG.java:1140)
at org.testng.TestNG.runSuites(TestNG.java:1069)
at org.testng.TestNG.run(TestNG.java:1037)
at org.testng.remote.AbstractRemoteTestNG.run(AbstractRemoteTestNG.java:115)
at org.testng.remote.RemoteTestNG.initAndRun(RemoteTestNG.java:251)
at org.testng.remote.RemoteTestNG.main(RemoteTestNG.java:77)
]]>
            </full-stacktrace>
          </exception> <!-- java.lang.AssertionError -->
          <reporter-output>
            <line>
              <![CDATA[createOrgnaizationTestTestscript execution is start]]>
            </line>
            <line>
              <![CDATA[createOrgnaizationTestTestscript execution is failed]]>
            </line>
          </reporter-output>
        </test-method> <!-- createOrgnaizationTest -->
        <test-method is-config="true" signature="AM()[pri:0, instance:vTigercrm.OrgnaizationTest@272ed83b]" started-at="2024-03-22T12:09:17 IST" name="AM" finished-at="2024-03-22T12:09:21 IST" duration-ms="3941" status="PASS">
          <reporter-output>
          </reporter-output>
        </test-method> <!-- AM -->
        <test-method is-config="true" signature="AC()[pri:0, instance:vTigercrm.OrgnaizationTest@272ed83b]" started-at="2024-03-22T12:09:21 IST" name="AC" finished-at="2024-03-22T12:09:21 IST" duration-ms="250" status="PASS">
          <reporter-output>
          </reporter-output>
        </test-method> <!-- AC -->
        <test-method is-config="true" signature="AS()[pri:0, instance:vTigercrm.OrgnaizationTest@272ed83b]" started-at="2024-03-22T12:09:22 IST" name="AS" finished-at="2024-03-22T12:09:22 IST" duration-ms="0" status="PASS">
          <reporter-output>
          </reporter-output>
        </test-method> <!-- AS -->
      </class> <!-- vTigercrm.OrgnaizationTest -->
    </test> <!-- Default test -->
  </suite> <!-- Default suite -->
</testng-results>
